<?xml version="1.0" encoding="UTF-8"?>
<!-- Generated by org.testng.reporters.JUnitReportReporter -->
<testsuite hostname="DESKTOP-F62SS25" failures="0" tests="1" name="com.actitime.testscript.Acti2" time="0.010" errors="0" timestamp="2023-09-28T16:35:14 IST" skipped="0">
  <testcase classname="com.actitime.testscript.Acti2" name="dummy1" time="0.010">
    <system-out>
      <![CDATA[dummy1]]>
    </system-out>
  </testcase> <!-- dummy1 -->
  <system-out>
    <![CDATA[dummy1]]>
  </system-out>
</testsuite> <!-- com.actitime.testscript.Acti2 -->
